random: Trying to read entropy from /dev/random
Configuration file: ./hostapd.conf
ctrl_interface_group=0
nl80211: Using driver-based roaming
nl80211: TDLS supported
nl80211: Supported cipher 00-0f-ac:1
nl80211: Supported cipher 00-0f-ac:5
nl80211: Supported cipher 00-0f-ac:2
nl80211: Supported cipher 00-0f-ac:4
nl80211: Supported cipher 00-0f-ac:6
nl80211: Using driver-based off-channel TX
nl80211: Supported vendor command: vendor_id=0x1018 subcmd=1
nl80211: Use separate P2P group interface (driver advertised support)
nl80211: Enable multi-channel concurrent (driver advertised support)
nl80211: use P2P_DEVICE support
nl80211: key_mgmt=0xd0f enc=0x10f auth=0x7 flags=0x2000000380cfacc rrm_flags=0x0 probe_resp_offloads=0x0 max_stations=0 max_remain_on_chan=5000 max_scan_ssids=10
nl80211: interface wlan0 in phy phy0
nl80211: Set mode ifindex 3 iftype 3 (AP)
nl80211: Setup AP(wlan0) - device_ap_sme=1 use_monitor=0
nl80211: Subscribe to mgmt frames with AP handle 0x1add760 (device SME)
nl80211: Register frame type=0xd0 (WLAN_FC_STYPE_ACTION) nl_handle=0x1add760 match=04 multicast=0
nl80211: Register frame type=0xd0 (WLAN_FC_STYPE_ACTION) nl_handle=0x1add760 match=0501 multicast=0
nl80211: Register frame type=0xd0 (WLAN_FC_STYPE_ACTION) nl_handle=0x1add760 match=0503 multicast=0
nl80211: Register frame type=0xd0 (WLAN_FC_STYPE_ACTION) nl_handle=0x1add760 match=0504 multicast=0
nl80211: Register frame type=0xd0 (WLAN_FC_STYPE_ACTION) nl_handle=0x1add760 match=06 multicast=0
nl80211: Register frame type=0xd0 (WLAN_FC_STYPE_ACTION) nl_handle=0x1add760 match=08 multicast=0
nl80211: Register frame type=0xd0 (WLAN_FC_STYPE_ACTION) nl_handle=0x1add760 match=09 multicast=0
nl80211: Register frame type=0xd0 (WLAN_FC_STYPE_ACTION) nl_handle=0x1add760 match=0a multicast=0
nl80211: Register frame type=0xd0 (WLAN_FC_STYPE_ACTION) nl_handle=0x1add760 match=11 multicast=0
nl80211: Register frame type=0xd0 (WLAN_FC_STYPE_ACTION) nl_handle=0x1add760 match=7f multicast=0
nl80211: Register frame type=0xb0 (WLAN_FC_STYPE_AUTH) nl_handle=0x1add760 match= multicast=0
nl80211: Enable Probe Request reporting nl_preq=0x1ad9f40
nl80211: Register frame type=0x40 (WLAN_FC_STYPE_PROBE_REQ) nl_handle=0x1ad9f40 match= multicast=0
rfkill: initial event: idx=0 type=1 op=0 soft=0 hard=0
nl80211: Add own interface ifindex 3 (ifidx_reason -1)
nl80211: if_indices[16]: 3(-1)
phy: phy0
BSS count 1, BSSID mask 00:00:00:00:00:00 (0 bits)
nl80211: Regulatory information - country=IE (DFS-ETSI)
nl80211: 2402-2482 @ 40 MHz 20 mBm
nl80211: 5170-5250 @ 80 MHz 20 mBm
nl80211: 5250-5330 @ 80 MHz 20 mBm (DFS)
nl80211: 5490-5710 @ 160 MHz 27 mBm (DFS)
nl80211: 57000-66000 @ 2160 MHz 40 mBm
nl80211: Added 802.11b mode based on 802.11g information
nl80211: Mode IEEE 802.11g: 2412 2417 2422 2427 2432 2437 2442 2447 2452 2457 2462 2467 2472 2484[DISABLED]
nl80211: Mode IEEE 802.11a: 5170[DISABLED] 5180 5190[DISABLED] 5200 5210[DISABLED] 5220 5230[DISABLED] 5240 5260[NO_IR][RADAR] 5280[NO_IR][RADAR] 5300[NO_IR][RADAR] 5320[NO_IR][RADAR] 5500[NO_IR][RADAR] 5520[NO_IR][RADAR]
nl80211: Mode IEEE 802.11b: 2412 2417 2422 2427 2432 2437 2442 2447 2452 2457 2462 2467 2472 2484[DISABLED]
Completing interface initialization
Mode: IEEE 802.11g  Channel: 1  Frequency: 2412 MHz
hostapd_handle_dfs_offload: iface->cac_started: 0
hostapd_handle_dfs_offload: freq 2412 MHz does not require DFS. Continue channel/AP setup
Proceed with AP/channel setup
nl80211: Set freq 2412 (ht_enabled=0, vht_enabled=0, he_enabled=0, bandwidth=20 MHz, cf1=2412 MHz, cf2=0 MHz)
  * freq=2412
  * he_enabled=0
  * vht_enabled=0
  * ht_enabled=0
  * channel_type=0
RATE[0] rate=10 flags=0x1
RATE[1] rate=20 flags=0x1
RATE[2] rate=55 flags=0x1
RATE[3] rate=110 flags=0x1
RATE[4] rate=60 flags=0x0
RATE[5] rate=90 flags=0x0
RATE[6] rate=120 flags=0x0
RATE[7] rate=180 flags=0x0
RATE[8] rate=240 flags=0x0
RATE[9] rate=360 flags=0x0
RATE[10] rate=480 flags=0x0
RATE[11] rate=540 flags=0x0
hostapd_setup_bss(hapd=0x1adb9b8 (wlan0), first=1)
nl80211: flush -> DEL_STATION wlan0 (all)
nl80211: Station flush failed: ret=-14 (Bad address)
Using interface wlan0 with hwaddr dc:a6:32:2f:3b:08 and ssid "test"
random: Got 15/20 random bytes
random: Only 15/20 bytes of strong random data available
random: Not enough entropy pool available for secure operations
WPA: Not enough entropy in random pool for secure operations - update keys later when the first station connects
GMK - hexdump(len=32): [REMOVED]
Key Counter - hexdump(len=32): [REMOVED]
WPA: Delay group state machine start until Beacon frames have been configured
nl80211: Set beacon (beacon_set=0)
nl80211: Beacon head - hexdump(len=55): 80 00 00 00 ff ff ff ff ff ff dc a6 32 2f 3b 08 dc a6 32 2f 3b 08 00 00 00 00 00 00 00 00 00 00 64 00 11 04 00 04 74 65 73 74 01 08 82 84 8b 96 0c 12 18 24 03 01 01
nl80211: Beacon tail - hexdump(len=61): 2a 01 04 32 04 30 48 60 6c 30 18 01 00 00 0f ac 02 02 00 00 0f ac 04 00 0f ac 02 01 00 00 0f ac 01 0c 00 dd 18 00 50 f2 02 01 01 01 00 03 a4 00 00 27 a4 00 00 42 43 5e 00 62 32 2f 00
nl80211: ifindex=3
nl80211: beacon_int=100
nl80211: beacon_rate=0
nl80211: rate_type=0
nl80211: dtim_period=2
nl80211: ssid=test
  * beacon_int=100
  * dtim_period=2
nl80211: hidden SSID not in use
nl80211: privacy=2
nl80211: auth_algs=0x3
nl80211: wpa_version=0x2
nl80211: key_mgmt_suites=0x1
nl80211: pairwise_ciphers=0x18
nl80211: group_cipher=0x8
wlan0: Deauthenticate all stations at BSS start
nl80211: sta_remove -> DEL_STATION wlan0 ff:ff:ff:ff:ff:ff --> 0 (Success)
WPA: Start group state machine to set initial keys
WPA: group state machine entering state GTK_INIT (VLAN-ID 0)
GTK - hexdump(len=32): [REMOVED]
WPA: group state machine entering state SETKEYSDONE (VLAN-ID 0)
wpa_driver_nl80211_set_key: ifindex=3 (wlan0) alg=2 addr=0x92910 key_idx=1 set_tx=1 seq_len=0 key_len=32 key_flag=0x1a
nl80211: NEW_KEY
nl80211: KEY_DATA - hexdump(len=32): [REMOVED]
   broadcast key
nl80211: NL80211_CMD_SET_KEY - default key
nl80211: Set wlan0 operstate 0->1 (UP)
netlink: Operstate: ifindex=3 linkmode=-1 (no change), operstate=6 (IF_OPER_UP)
nl80211: TX queue param set: queue=0 aifs=1 cw_min=3 cw_max=7 burst_time=15 --> res=-95
Failed to set TX queue parameters for queue 0.
nl80211: TX queue param set: queue=1 aifs=1 cw_min=7 cw_max=15 burst_time=30 --> res=-95
Failed to set TX queue parameters for queue 1.
nl80211: TX queue param set: queue=2 aifs=3 cw_min=15 cw_max=63 burst_time=0 --> res=-95
Failed to set TX queue parameters for queue 2.
nl80211: TX queue param set: queue=3 aifs=7 cw_min=15 cw_max=1023 burst_time=0 --> res=-95
Failed to set TX queue parameters for queue 3.
wlan0: interface state UNINITIALIZED->ENABLED
wlan0: AP-ENABLED 
wlan0: Setup of interface done.
ctrl_iface not configured!
random: Got 5/5 bytes from /dev/random
RTM_NEWLINK: ifi_index=3 ifname=wlan0 operstate=6 linkmode=0 ifi_family=0 ifi_flags=0x11043 ([UP][RUNNING][LOWER_UP])
RTM_NEWLINK: ifi_index=3 ifname=wlan0 operstate=6 linkmode=0 ifi_family=0 ifi_flags=0x11043 ([UP][RUNNING][LOWER_UP])
RTM_NEWLINK: ifi_index=5 ifname=wlan1 operstate=2 linkmode=1 ifi_family=0 ifi_flags=0x1003 ([UP])
nl80211: Ignored event 33 (NL80211_CMD_TRIGGER_SCAN) for foreign interface (ifindex 5 wdev 0x0)
nl80211: Ignored event 34 (NL80211_CMD_NEW_SCAN_RESULTS) for foreign interface (ifindex 5 wdev 0x0)
RTM_NEWLINK: ifi_index=5 ifname=wlan1 wext ifi_family=0 ifi_flags=0x1003 ([UP])
nl80211: Ignored event 19 (NL80211_CMD_NEW_STATION) for foreign interface (ifindex 5 wdev 0x0)
nl80211: Ignored event 37 (NL80211_CMD_AUTHENTICATE) for foreign interface (ifindex 5 wdev 0x0)
nl80211: Drv Event 19 (NL80211_CMD_NEW_STATION) received for wlan0
nl80211: New station 60:e3:27:11:d1:25
nl80211: Assoc Req IEs - hexdump(len=97): 00 04 74 65 73 74 01 08 02 04 0b 16 0c 12 18 24 32 04 30 48 60 6c 30 14 01 00 00 0f ac 02 01 00 00 0f ac 04 01 00 00 0f ac 01 00 00 2d 1a 6e 18 1f ff ff 00 00 01 00 00 00 00 00 2c 01 01 00 00 00 00 00 00 00 00 00 00 7f 08 00 00 00 00 00 00 00 40 3b 04 51 51 53 54 dd 07 00 50 f2 02 00 01 00
wlan0: Event ASSOC (0) received
wlan0: STA 60:e3:27:11:d1:25 IEEE 802.11: associated
STA included RSN IE in (Re)AssocReq
  New STA
ap_sta_add: register ap_handle_timer timeout for 60:e3:27:11:d1:25 (300 seconds - ap_max_inactivity)
nl80211: Set STA flags - ifname=wlan0 addr=60:e3:27:11:d1:25 total_flags=0x60 flags_or=0x0 flags_and=0xfffffff1 authorized=0
wlan0: STA 60:e3:27:11:d1:25 WPA: event 1 notification
wpa_driver_nl80211_set_key: ifindex=3 (wlan0) alg=0 addr=0x1ae66d0 key_idx=0 set_tx=1 seq_len=0 key_len=0 key_flag=0x20
nl80211: DEL_KEY
   addr=60:e3:27:11:d1:25
   pairwise key
nl80211: set_key failed; err=-22 Invalid argument
RSN: PTK removal from the driver failed
wlan0: STA 60:e3:27:11:d1:25 IEEE 802.1X: start authentication
EAP: Server state machine created
IEEE 802.1X: 60:e3:27:11:d1:25 BE_AUTH entering state IDLE
IEEE 802.1X: 60:e3:27:11:d1:25 CTRL_DIR entering state FORCE_BOTH
wlan0: STA 60:e3:27:11:d1:25 WPA: start authentication
WPA: 60:e3:27:11:d1:25 WPA_PTK entering state INITIALIZE
wpa_driver_nl80211_set_key: ifindex=3 (wlan0) alg=0 addr=0x1ae66d0 key_idx=0 set_tx=1 seq_len=0 key_len=0 key_flag=0x20
nl80211: DEL_KEY
   addr=60:e3:27:11:d1:25
   pairwise key
nl80211: set_key failed; err=-22 Invalid argument
RSN: PTK removal from the driver failed
WPA: 60:e3:27:11:d1:25 WPA_PTK_GROUP entering state IDLE
WPA: 60:e3:27:11:d1:25 WPA_PTK entering state AUTHENTICATION
WPA: 60:e3:27:11:d1:25 WPA_PTK entering state AUTHENTICATION2
WPA: Re-initialize GMK/Counter on first station
GMK - hexdump(len=32): [REMOVED]
Key Counter - hexdump(len=32): [REMOVED]
GTK - hexdump(len=32): [REMOVED]
wpa_driver_nl80211_set_key: ifindex=3 (wlan0) alg=2 addr=0x92910 key_idx=1 set_tx=1 seq_len=0 key_len=32 key_flag=0x1a
nl80211: NEW_KEY
nl80211: KEY_DATA - hexdump(len=32): [REMOVED]
   broadcast key
nl80211: NL80211_CMD_SET_KEY - default key
WPA: Assign ANonce - hexdump(len=32): aa db d1 01 d3 d2 0d 7c 7b c1 5a 52 71 6c 9f 0a 08 09 34 58 c7 05 1a cf bf ab 37 8a 4a 94 30 c8
wlan0: hostapd_new_assoc_sta: reschedule ap_handle_timer timeout for 60:e3:27:11:d1:25 (300 seconds - ap_max_inactivity)
IEEE 802.1X: 60:e3:27:11:d1:25 AUTH_PAE entering state DISCONNECTED
nl80211: Set STA flags - ifname=wlan0 addr=60:e3:27:11:d1:25 total_flags=0x60 flags_or=0x0 flags_and=0xfffffffe authorized=0
wlan0: STA 60:e3:27:11:d1:25 IEEE 802.1X: unauthorizing port
IEEE 802.1X: 60:e3:27:11:d1:25 AUTH_PAE entering state RESTART
EAP: EAP entering state INITIALIZE
EAP: parseEapResp: invalid resp=(nil) len=0
wlan0: CTRL-EVENT-EAP-STARTED 60:e3:27:11:d1:25
EAP: EAP entering state SELECT_ACTION
EAP: getDecision: no identity known yet -> CONTINUE
EAP: EAP entering state PROPOSE_METHOD
EAP: getNextMethod: vendor 0 type 1
wlan0: CTRL-EVENT-EAP-PROPOSED-METHOD vendor=0 method=1
EAP: EAP entering state METHOD_REQUEST
EAP: building EAP-Request: Identifier 1
EAP: EAP entering state SEND_REQUEST
EAP: EAP entering state IDLE
EAP: retransmit timeout 3 seconds (from dynamic back off; retransCount=0)
IEEE 802.1X: 60:e3:27:11:d1:25 AUTH_PAE entering state CONNECTING
IEEE 802.1X: 60:e3:27:11:d1:25 AUTH_PAE entering state AUTHENTICATING
IEEE 802.1X: 60:e3:27:11:d1:25 BE_AUTH entering state REQUEST
wlan0: STA 60:e3:27:11:d1:25 IEEE 802.1X: Sending EAP Packet (identifier 1)
RTM_NEWLINK: ifi_index=5 ifname=wlan1 wext ifi_family=0 ifi_flags=0x11003 ([UP][LOWER_UP])
RTM_NEWLINK: ifi_index=5 ifname=wlan1 wext ifi_family=0 ifi_flags=0x11003 ([UP][LOWER_UP])
RTM_NEWLINK: ifi_index=5 ifname=wlan1 wext ifi_family=0 ifi_flags=0x11003 ([UP][LOWER_UP])
RTM_NEWLINK: ifi_index=5 ifname=wlan1 operstate=5 linkmode=1 ifi_family=0 ifi_flags=0x11003 ([UP][LOWER_UP])
nl80211: Ignored event 38 (NL80211_CMD_ASSOCIATE) for foreign interface (ifindex 5 wdev 0x0)
nl80211: Ignored event 46 (NL80211_CMD_CONNECT) for foreign interface (ifindex 5 wdev 0x0)
nl80211: Ignored event 36 (NL80211_CMD_REG_CHANGE) for foreign interface (ifindex -1 wdev 0x0)
wlan0: Event EAPOL_RX (23) received
IEEE 802.1X: 26 bytes from 60:e3:27:11:d1:25
   IEEE 802.1X: version=1 type=0 length=22
EAP: code=2 (response) identifier=1 length=22
wlan0: STA 60:e3:27:11:d1:25 IEEE 802.1X: received EAP packet (code=2 id=1 len=22) from STA: EAP Response-Identity (1)
IEEE 802.1X: 60:e3:27:11:d1:25 BE_AUTH entering state RESPONSE
EAP: EAP entering state RECEIVED
EAP: parseEapResp: rxResp=1 rxInitiate=0 respId=1 respMethod=1 respVendor=0 respVendorMethod=0
EAP: EAP entering state INTEGRITY_CHECK
EAP: EAP entering state METHOD_RESPONSE
EAP-Identity: Peer identity - hexdump_ascii(len=17):
     6e 6f 6f 62 40 65 61 70 2d 6e 6f 6f 62 2e 6e 65   noob@eap-noob.ne
     74                                                t               
EAP: EAP entering state SELECT_ACTION
EAP: getDecision: another method available -> CONTINUE
EAP: EAP entering state PROPOSE_METHOD
EAP: getNextMethod: vendor 0 type 56
EAP-NOOB: INIT SERVER
EAP-NOOB: Entering eap_noob_server_ctxt_init
EAP-NOOB: Entering function eap_noob_read_config
EAP-NOOB: CONF Name = Version 7
EAP-NOOB: FILE  READ= 1
EAP-NOOB: CONF Name = Csuite 6
EAP-NOOB: Server supports cryptosuite 1
EAP-NOOB: FILE  READ = 1 cryptosuites
EAP-NOOB: CONF Name = OobDirs 7
EAP-NOOB: FILE  READ= 3
EAP-NOOB: CONF Name = ServerName 10
EAP-NOOB: FILE  READ= Example

EAP-NOOB: CONF Name = ServerUrl 9
EAP-NOOB: FILE  READ= https://127.0.0.1:8080/sendOOB
EAP-NOOB: CONF Name = Max_WE 6
EAP-NOOB: FILE  READ= 5
EAP-NOOB: CONF Name = OobMessageEncoding 18
EAP-NOOB: FILE  READ= 1
EAP-NOOB: CONF Name = Realm 5
EAP-NOOB: FILE  READ= eap-noob.net
EAP-NOOB: Finished reading config
EAP-NOOB: Finished retrieving NAI
EAP-NOOB: Entering eap_noob_parse_NAI, parsing NAI (noob@eap-noob.net)
the realm is:-eap-noob.net-NaI is: noob@eap-noob.net, EAP-NOOB: server realm-
EAP-Noob: user_name_peer is: noob, EAP-Noob: realm is: eap-noob.net, EAP-NOOB: Finished context init
wlan0: CTRL-EVENT-EAP-PROPOSED-METHOD vendor=0 method=56
EAP: EAP entering state METHOD_REQUEST
EAP: building EAP-Request: Identifier 2
EAP-NOOB: BUILDREQ SERVER
EAP-NOOB: next request = 1
EAP-NOOB: ENTERING BUILD TYPE 1
In function eap_noob_getTimeout
EAP: EAP entering state SEND_REQUEST
EAP: EAP entering state IDLE
EAP: retransmit timeout 1 seconds (from EAP method hint)
IEEE 802.1X: 60:e3:27:11:d1:25 BE_AUTH entering state REQUEST
wlan0: STA 60:e3:27:11:d1:25 IEEE 802.1X: Sending EAP Packet (identifier 2)
wlan0: Event EAPOL_RX (23) received
IEEE 802.1X: 33 bytes from 60:e3:27:11:d1:25
   IEEE 802.1X: version=1 type=0 length=29
EAP: code=2 (response) identifier=2 length=29
wlan0: STA 60:e3:27:11:d1:25 IEEE 802.1X: received EAP packet (code=2 id=2 len=29) from STA: EAP Response-NOOB (56)
IEEE 802.1X: 60:e3:27:11:d1:25 BE_AUTH entering state RESPONSE
EAP: EAP entering state RECEIVED
EAP: parseEapResp: rxResp=1 rxInitiate=0 respId=2 respMethod=56 respVendor=0 respVendorMethod=0
EAP: EAP entering state INTEGRITY_CHECK
EAP-NOOB: Checking EAP-Response packet.
EAP-NOOB: Received response = {"Type":1,"PeerState":0}
EAP-NOOB: Received frame: opcode = 1
EAP-NOOB: STATE = 0
EAP-NOOB: VERIFY STATE SERV = 0 PEER = 0
EAP: EAP entering state METHOD_RESPONSE
EAP-NOOB: PROCESS SERVER
EAP-NOOB: RECEIVED RESPONSE = {"Type":1,"PeerState":0}
EAP-NOOB: Entering eap_noob_decode_obj
EAP-NOOB: Entering eap_noob_verify_param_len
EAP-NOOB: ENTERING NOOB PROCESS TYPE 1
EAP-NOOB: Entering eap_noob_create_db
EAP-NOOB: Entering eap_noob_db_statements
EAP-NOOB: Entering eap_noob_db_statements
EAP-NOOB:Serv state = 0, Peer state = 0, Next req =2
DONE   = 0
EAP-NOOB: IS Done? 0
EAP: EAP entering state METHOD_REQUEST
EAP: building EAP-Request: Identifier 3
EAP-NOOB: BUILDREQ SERVER
EAP-NOOB: next request = 2
EAP-NOOB: ENTERING BUILD TYPE 2
EAP-NOOB: Generating PeerId
In function eap_noob_getTimeout
EAP: EAP entering state SEND_REQUEST
EAP: EAP entering state IDLE
EAP: retransmit timeout 1 seconds (from EAP method hint)
IEEE 802.1X: 60:e3:27:11:d1:25 BE_AUTH entering state REQUEST
wlan0: STA 60:e3:27:11:d1:25 IEEE 802.1X: Sending EAP Packet (identifier 3)
wlan0: Event EAPOL_RX (23) received
IEEE 802.1X: 189 bytes from 60:e3:27:11:d1:25
   IEEE 802.1X: version=1 type=0 length=185
EAP: code=2 (response) identifier=3 length=185
wlan0: STA 60:e3:27:11:d1:25 IEEE 802.1X: received EAP packet (code=2 id=3 len=185) from STA: EAP Response-NOOB (56)
IEEE 802.1X: 60:e3:27:11:d1:25 BE_AUTH entering state RESPONSE
EAP: EAP entering state RECEIVED
EAP: parseEapResp: rxResp=1 rxInitiate=0 respId=3 respMethod=56 respVendor=0 respVendorMethod=0
EAP: EAP entering state INTEGRITY_CHECK
EAP-NOOB: Checking EAP-Response packet.
EAP-NOOB: Received response = {"Type":2,"Verp":1,"PeerId":"xuUyezBQmU9UywSvyyx0W3","Cryptosuitep":1,"Dirp":1,"PeerInfo":{"Make":"Acme","Type":"None","Serial":"DU-9999","SSID":"test","BSSID":"dc:a6:32:2f:3b:8"}}
EAP-NOOB: Received frame: opcode = 2
EAP-NOOB: STATE = 0
EAP-NOOB: VERIFY STATE SERV = 0 PEER = 0
EAP: EAP entering state METHOD_RESPONSE
EAP-NOOB: PROCESS SERVER
EAP-NOOB: RECEIVED RESPONSE = {"Type":2,"Verp":1,"PeerId":"xuUyezBQmU9UywSvyyx0W3","Cryptosuitep":1,"Dirp":1,"PeerInfo":{"Make":"Acme","Type":"None","Serial":"DU-9999","SSID":"test","BSSID":"dc:a6:32:2f:3b:8"}}
EAP-NOOB: Entering eap_noob_decode_obj
EAP-NOOB: Entering eap_noob_verify_param_len
EAP-NOOB: ENTERING NOOB PROCESS TYPE 2
EAP-NOOB: Entering eap_noob_verify_peerId
EAP-NOOB: Input to eap_noob_get_sid is null
DONE   = 0
EAP-NOOB: IS Done? 0
EAP: EAP entering state METHOD_REQUEST
EAP: building EAP-Request: Identifier 4
EAP-NOOB: BUILDREQ SERVER
EAP-NOOB: next request = 3
EAP-NOOB: ENTERING BUILD TYPE 3
EAP-NOOB: Nonce pbpZldEqtUfCakheXyesChX5jdAGUgSYWVazPgTr7H8
EAP-NOOB: entering eap_noob_get_key
EAP-NOOB: Using cryptosuite 1: X25519 with id 1034
-----BEGIN PRIVATE KEY-----
MC4CAQAwBQYDK2VuBCIEIAiGe/DRNUCVIpdctSzrWSaNRmB+YVsFRqQHMLuSCMx2
-----END PRIVATE KEY-----
-----BEGIN PUBLIC KEY-----
MCowBQYDK2VuAyEAaHPuY8Pa29ykF6emgN6yuTq+Imu9N31EK0JrWz69dUc=
-----END PUBLIC KEY-----
EAP-NOOB: JWK key is {"kty":"EC","crv":"X25519","x":"aHPuY8Pa29ykF6emgN6yuTq-Imu9N31EK0JrWz69dUc"}
In function eap_noob_getTimeout
EAP: EAP entering state SEND_REQUEST
EAP: EAP entering state IDLE
EAP: retransmit timeout 1 seconds (from EAP method hint)
IEEE 802.1X: 60:e3:27:11:d1:25 BE_AUTH entering state REQUEST
wlan0: STA 60:e3:27:11:d1:25 IEEE 802.1X: Sending EAP Packet (identifier 4)
wlan0: Event EAPOL_RX (23) received
IEEE 802.1X: 188 bytes from 60:e3:27:11:d1:25
   IEEE 802.1X: version=1 type=0 length=184
EAP: code=2 (response) identifier=4 length=184
wlan0: STA 60:e3:27:11:d1:25 IEEE 802.1X: received EAP packet (code=2 id=4 len=184) from STA: EAP Response-NOOB (56)
IEEE 802.1X: 60:e3:27:11:d1:25 BE_AUTH entering state RESPONSE
EAP: EAP entering state RECEIVED
EAP: parseEapResp: rxResp=1 rxInitiate=0 respId=4 respMethod=56 respVendor=0 respVendorMethod=0
EAP: EAP entering state INTEGRITY_CHECK
EAP-NOOB: Checking EAP-Response packet.
EAP-NOOB: Received response = {"Type":3,"PeerId":"xuUyezBQmU9UywSvyyx0W3","PKp":{"kty":"EC","crv":"X25519","x":"ZhBTCQrPZZquTOBXNZbKXVoEeQVH8hA3cFSvQr_ivTU"},"Np":"0WABQXYxDkz1nIrYXPXUMYWvaFoDXd8iSxswpUx7MTg"}
EAP-NOOB: Received frame: opcode = 3
EAP-NOOB: STATE = 0
EAP-NOOB: VERIFY STATE SERV = 0 PEER = 0
EAP: EAP entering state METHOD_RESPONSE
EAP-NOOB: PROCESS SERVER
EAP-NOOB: RECEIVED RESPONSE = {"Type":3,"PeerId":"xuUyezBQmU9UywSvyyx0W3","PKp":{"kty":"EC","crv":"X25519","x":"ZhBTCQrPZZquTOBXNZbKXVoEeQVH8hA3cFSvQr_ivTU"},"Np":"0WABQXYxDkz1nIrYXPXUMYWvaFoDXd8iSxswpUx7MTg"}
EAP-NOOB: Entering eap_noob_decode_obj
EAP-NOOB: Entering eap_noob_decode_obj
X coordinate ZhBTCQrPZZquTOBXNZbKXVoEeQVH8hA3cFSvQr_ivTU
EAP-NOOB: Entering eap_noob_verify_param_len
EAP-NOOB: Entering eap_noob_verify_param_len
EAP-NOOB: ENTERING NOOB PROCESS TYPE 3
EAP-NOOB: Nonce Peer - hexdump_ascii(len=32):
     d1 60 01 41 76 31 0e 4c f5 9c 8a d8 5c f5 d4 31   _`_Av1_L____\__1
     85 af 68 5a 03 5d df 22 4b 1b 30 a5 4c 7b 31 38   __hZ_]_"K_0_L{18
EAP-NOOB: Entering eap_noob_verify_peerId
EAP-NOOB: Nonce Peer - hexdump_ascii(len=32):
     d1 60 01 41 76 31 0e 4c f5 9c 8a d8 5c f5 d4 31   _`_Av1_L____\__1
     85 af 68 5a 03 5d df 22 4b 1b 30 a5 4c 7b 31 38   __hZ_]_"K_0_L{18
EAP-NOOB: Entering function eap_noob_derive_session_secret
EAP-NOOB: Secret Derived - hexdump_ascii(len=32):
     95 1f dc c4 5f f2 a9 98 3b b4 30 fb 2e 41 75 c5   ________;_0_.Au_
     5a 2d ae 27 0e 62 5e ec 69 7c 13 b3 17 5d 2d 24   Z-_'_b^_i|___]-$
EAP-NOOB: Shared secret lR_cxF_yqZg7tDD7LkF1xVotricOYl7saXwTsxddLSQ
EAP-NOOB: Entering eap_noob_db_functions
EAP-NOOB: Entering eap_noob_exec_query, query - (INSERT INTO EphemeralState ( PeerId, Verp, Cryptosuitep, Realm, Dirp, PeerInfo, Ns, Np, Z, MacInput, SleepCount, ServerState, JwkServer, JwkPeer, OobRetries) VALUES (?, ?, ?, ?, ?, ?, ?, ?, ?, ?, ?, ?, ?, ?, ?)), Number of arguments (33)
exec_query string xuUyezBQmU9UywSvyyx0W3, indx 1
exec_query int 1, indx 2
exec_query int 1, indx 3
exec_query string eap-noob.net, indx 4
exec_query int 1, indx 5
exec_query string {"Make":"Acme","Type":"None","Serial":"DU-9999","SSID":"test","BSSID":"dc:a6:32:2f:3b:8"}, indx 6
exec_query string [1,[1],1,"xuUyezBQmU9UywSvyyx0W3",[1],3,{"Name":"Example","Url":"https://127.0.0.1:8080/sendOOB"},1,1,"eap-noob.net",{"Make":"Acme","Type":"None","Serial":"DU-9999","SSID":"test","BSSID":"dc:a6:32:2f:3b:8"},0,{"kty":"EC","crv":"X25519","x":"aHPuY8Pa29ykF6emgN6yuTq-Imu9N31EK0JrWz69dUc"},"pbpZldEqtUfCakheXyesChX5jdAGUgSYWVazPgTr7H8",{"kty":"EC","crv":"X25519","x":"ZhBTCQrPZZquTOBXNZbKXVoEeQVH8hA3cFSvQr_ivTU"},"0WABQXYxDkz1nIrYXPXUMYWvaFoDXd8iSxswpUx7MTg",""], indx 10
exec_query int 0, indx 11
exec_query int 1, indx 12
exec_query string {"kty":"EC","crv":"X25519","x":"aHPuY8Pa29ykF6emgN6yuTq-Imu9N31EK0JrWz69dUc"}, indx 13
exec_query string {"kty":"EC","crv":"X25519","x":"ZhBTCQrPZZquTOBXNZbKXVoEeQVH8hA3cFSvQr_ivTU"}, indx 14
exec_query int 0, indx 15
EAP-NOOB: Done executing the query, ret (101)

DONE   = 1
EAP-NOOB: IS Done? 1
EAP-NOOB: GET KEY
EAP-NOOB:Get Session ID called
EAP: Session-Id - hexdump(len=0): [NULL]
EAP: EAP entering state SELECT_ACTION
EAP-NOOB: IS SUCCESS? 0
DONE   = 1
EAP-NOOB: IS Done? 1
EAP-NOOB: IS SUCCESS? 0
EAP: getDecision: method failed -> FAILURE
EAP: EAP entering state FAILURE
EAP: Building EAP-Failure (id=4)
wlan0: CTRL-EVENT-EAP-FAILURE 60:e3:27:11:d1:25
IEEE 802.1X: 60:e3:27:11:d1:25 BE_AUTH entering state FAIL
wlan0: STA 60:e3:27:11:d1:25 IEEE 802.1X: Sending EAP Packet (identifier 4)
IEEE 802.1X: 60:e3:27:11:d1:25 AUTH_PAE entering state HELD
nl80211: Set STA flags - ifname=wlan0 addr=60:e3:27:11:d1:25 total_flags=0x60 flags_or=0x0 flags_and=0xfffffffe authorized=0
wlan0: STA 60:e3:27:11:d1:25 IEEE 802.1X: unauthorizing port
wlan0: STA 60:e3:27:11:d1:25 IEEE 802.1X: authentication failed - EAP type: 0 (unknown)
wlan0: STA 60:e3:27:11:d1:25 IEEE 802.1X: Supplicant used different EAP type: 56 (NOOB)
wlan0: IEEE 802.1X: Force disconnection of 60:e3:27:11:d1:25 after EAP-Failure in 10 ms
IEEE 802.1X: 60:e3:27:11:d1:25 BE_AUTH entering state IDLE
IEEE 802.1X: 60:e3:27:11:d1:25 - (EAP) retransWhile --> 0
wlan0: IEEE 802.1X: Scheduled disconnection of 60:e3:27:11:d1:25 after EAP-Failure
wlan0: ap_sta_disconnect STA 60:e3:27:11:d1:25 reason=23
nl80211: sta_remove -> DEL_STATION wlan0 60:e3:27:11:d1:25 --> 0 (Success)
nl80211: Set STA flags - ifname=wlan0 addr=60:e3:27:11:d1:25 total_flags=0x0 flags_or=0x0 flags_and=0xfffffff1 authorized=0
wlan0: STA 60:e3:27:11:d1:25 WPA: event 3 notification
wpa_driver_nl80211_set_key: ifindex=3 (wlan0) alg=0 addr=0x1ae66d0 key_idx=0 set_tx=1 seq_len=0 key_len=0 key_flag=0x20
nl80211: DEL_KEY
   addr=60:e3:27:11:d1:25
   pairwise key
nl80211: set_key failed; err=-22 Invalid argument
RSN: PTK removal from the driver failed
WPA: 60:e3:27:11:d1:25 WPA_PTK entering state DISCONNECTED
WPA: 60:e3:27:11:d1:25 WPA_PTK entering state INITIALIZE
wpa_driver_nl80211_set_key: ifindex=3 (wlan0) alg=0 addr=0x1ae66d0 key_idx=0 set_tx=1 seq_len=0 key_len=0 key_flag=0x20
nl80211: DEL_KEY
   addr=60:e3:27:11:d1:25
   pairwise key
nl80211: set_key failed; err=-22 Invalid argument
RSN: PTK removal from the driver failed
wlan0: ap_sta_disconnect: reschedule ap_handle_timer timeout for 60:e3:27:11:d1:25 (5 seconds - AP_MAX_INACTIVITY_AFTER_DEAUTH)
IEEE 802.1X: 60:e3:27:11:d1:25 AUTH_PAE entering state INITIALIZE
EAP: EAP entering state DISABLED
nl80211: Drv Event 20 (NL80211_CMD_DEL_STATION) received for wlan0
nl80211: Delete station 60:e3:27:11:d1:25
wlan0: Event DISASSOC (1) received
wlan0: STA 60:e3:27:11:d1:25 IEEE 802.11: disassociated
nl80211: Set STA flags - ifname=wlan0 addr=60:e3:27:11:d1:25 total_flags=0x0 flags_or=0x0 flags_and=0xfffffff1 authorized=0
wlan0: STA 60:e3:27:11:d1:25 WPA: event 2 notification
wpa_driver_nl80211_set_key: ifindex=3 (wlan0) alg=0 addr=0x1ae66d0 key_idx=0 set_tx=1 seq_len=0 key_len=0 key_flag=0x20
nl80211: DEL_KEY
   addr=60:e3:27:11:d1:25
   pairwise key
nl80211: set_key failed; err=-22 Invalid argument
RSN: PTK removal from the driver failed
WPA: 60:e3:27:11:d1:25 WPA_PTK entering state DISCONNECTED
WPA: 60:e3:27:11:d1:25 WPA_PTK entering state INITIALIZE
wpa_driver_nl80211_set_key: ifindex=3 (wlan0) alg=0 addr=0x1ae66d0 key_idx=0 set_tx=1 seq_len=0 key_len=0 key_flag=0x20
nl80211: DEL_KEY
   addr=60:e3:27:11:d1:25
   pairwise key
nl80211: set_key failed; err=-22 Invalid argument
RSN: PTK removal from the driver failed
nl80211: Set STA flags - ifname=wlan0 addr=60:e3:27:11:d1:25 total_flags=0x0 flags_or=0x0 flags_and=0xfffffff1 authorized=0
nl80211: sta_remove -> DEL_STATION wlan0 60:e3:27:11:d1:25 --> 0 (Success)
ap_free_sta: cancel ap_handle_timer for 60:e3:27:11:d1:25
wlan0: Removed ap_sta_deauth_cb_timeout timeout for 60:e3:27:11:d1:25
EAP: Server state machine removed
EAP-NOOB: RESET SERVER
EAP-NOOB: Entering eap_noob_free_ctx
RTM_NEWLINK: ifi_index=5 ifname=wlan1 operstate=2 linkmode=1 ifi_family=0 ifi_flags=0x1003 ([UP])
nl80211: Ignored event 20 (NL80211_CMD_DEL_STATION) for foreign interface (ifindex 5 wdev 0x0)
nl80211: Ignored event 39 (NL80211_CMD_DEAUTHENTICATE) for foreign interface (ifindex 5 wdev 0x0)
nl80211: Ignored event 48 (NL80211_CMD_DISCONNECT) for foreign interface (ifindex 5 wdev 0x0)
RTM_NEWLINK: ifi_index=5 ifname=wlan1 wext ifi_family=0 ifi_flags=0x1003 ([UP])
nl80211: Ignored event 33 (NL80211_CMD_TRIGGER_SCAN) for foreign interface (ifindex 5 wdev 0x0)
nl80211: Ignored event 34 (NL80211_CMD_NEW_SCAN_RESULTS) for foreign interface (ifindex 5 wdev 0x0)
RTM_NEWLINK: ifi_index=5 ifname=wlan1 wext ifi_family=0 ifi_flags=0x1003 ([UP])
Signal 2 received - terminating
hostapd_interface_deinit_free(0x1ad9400)
hostapd_interface_deinit_free: num_bss=1 conf->num_bss=1
hostapd_interface_deinit(0x1ad9400)
wlan0: interface state ENABLED->DISABLED
hostapd_bss_deinit: deinit bss wlan0
wlan0: Deauthenticate all stations
nl80211: sta_remove -> DEL_STATION wlan0 ff:ff:ff:ff:ff:ff --> 0 (Success)
wlan0: AP-DISABLED 
hostapd_cleanup(hapd=0x1adb9b8 (wlan0))
wlan0: CTRL-EVENT-TERMINATING 
hostapd_free_hapd_data(wlan0)
hostapd_interface_deinit_free: driver=0x9fc18 drv_priv=0x1add090 -> hapd_deinit
nl80211: deinit ifname=wlan0 disabled_11b_rates=0
nl80211: Disable Probe Request reporting nl_preq=0x892517c9
nl80211: Remove monitor interface: refcount=0
nl80211: Remove beacon (ifindex=3)
netlink: Operstate: ifindex=3 linkmode=0 (kernel-control), operstate=6 (IF_OPER_UP)
nl80211: Set mode ifindex 3 iftype 2 (STATION)
nl80211: Teardown AP(wlan0) - device_ap_sme=1 use_monitor=0
nl80211: Unsubscribe mgmt frames handle 0x89255fe9 (AP teardown (dev SME))
hostapd_interface_free(0x1ad9400)
hostapd_interface_free: free hapd 0x1adb9b8
hostapd_cleanup_iface(0x1ad9400)
hostapd_cleanup_iface_partial(0x1ad9400)
hostapd_cleanup_iface: free iface=0x1ad9400
