wpa_supplicant v2.10-devel
random: Trying to read entropy from /dev/random
Successfully initialized wpa_supplicant
Initializing interface 'wlan1' conf './wpa_supplicant.conf' driver 'default' ctrl_interface 'N/A' bridge 'N/A'
Configuration file './wpa_supplicant.conf' -> '/home/pi/Projects/hostap/wpa_supplicant/./wpa_supplicant.conf'
Reading configuration file '/home/pi/Projects/hostap/wpa_supplicant/./wpa_supplicant.conf'
ctrl_interface='/var/run/wpa_supplicant'
dot11RSNAConfigPMKLifetime=6660
update_config=1
Priority group 0
   id=0 ssid='test'
nl80211: Supported cipher 00-0f-ac:1
nl80211: Supported cipher 00-0f-ac:5
nl80211: Supported cipher 00-0f-ac:2
nl80211: Supported cipher 00-0f-ac:4
nl80211: Supported cipher 00-0f-ac:10
nl80211: Supported cipher 00-0f-ac:8
nl80211: Supported cipher 00-0f-ac:9
nl80211: Supported cipher 00-0f-ac:6
nl80211: Supported cipher 00-0f-ac:13
nl80211: Supported cipher 00-0f-ac:11
nl80211: Supported cipher 00-0f-ac:12
nl80211: Using driver-based off-channel TX
nl80211: Driver-advertised extended capabilities (default) - hexdump(len=8): 00 00 00 00 00 00 00 40
nl80211: Driver-advertised extended capabilities mask (default) - hexdump(len=8): 00 00 00 00 00 00 00 40
nl80211: key_mgmt=0x1ff0f enc=0xfef auth=0x7 flags=0x40005114b03d8e0 rrm_flags=0x10 probe_resp_offloads=0x0 max_stations=0 max_remain_on_chan=5000 max_scan_ssids=4
nl80211: interface wlan1 in phy phy2
nl80211: Set mode ifindex 5 iftype 2 (STATION)
nl80211: Subscribe to mgmt frames with non-AP handle 0x32f8f0
nl80211: Register frame type=0xd0 (WLAN_FC_STYPE_ACTION) nl_handle=0x32f8f0 match=0801 multicast=0
nl80211: Register frame type=0xd0 (WLAN_FC_STYPE_ACTION) nl_handle=0x32f8f0 match=06 multicast=0
nl80211: Register frame type=0xd0 (WLAN_FC_STYPE_ACTION) nl_handle=0x32f8f0 match=0a07 multicast=0
nl80211: Register frame type=0xd0 (WLAN_FC_STYPE_ACTION) nl_handle=0x32f8f0 match=0a11 multicast=0
nl80211: Register frame type=0xd0 (WLAN_FC_STYPE_ACTION) nl_handle=0x32f8f0 match=1101 multicast=0
nl80211: Register frame type=0xd0 (WLAN_FC_STYPE_ACTION) nl_handle=0x32f8f0 match=1102 multicast=0
nl80211: Register frame type=0xd0 (WLAN_FC_STYPE_ACTION) nl_handle=0x32f8f0 match=0505 multicast=0
nl80211: Register frame type=0xd0 (WLAN_FC_STYPE_ACTION) nl_handle=0x32f8f0 match=0500 multicast=0
rfkill: initial event: idx=3 type=1 op=0 soft=0 hard=0
netlink: Operstate: ifindex=5 linkmode=1 (userspace-control), operstate=5 (IF_OPER_DORMANT)
Add interface wlan1 to a new radio phy2
nl80211: Regulatory information - country=IE (DFS-ETSI)
nl80211: 2402-2482 @ 40 MHz 20 mBm
nl80211: 5170-5250 @ 80 MHz 20 mBm
nl80211: 5250-5330 @ 80 MHz 20 mBm (DFS)
nl80211: 5490-5710 @ 160 MHz 27 mBm (DFS)
nl80211: 57000-66000 @ 2160 MHz 40 mBm
nl80211: Added 802.11b mode based on 802.11g information
nl80211: Mode IEEE 802.11g: 2412 2417 2422 2427 2432 2437 2442 2447 2452 2457 2462 2467 2472 2484[DISABLED]
nl80211: Mode IEEE 802.11b: 2412 2417 2422 2427 2432 2437 2442 2447 2452 2457 2462 2467 2472 2484[DISABLED]
wlan1: Own MAC address: 60:e3:27:11:d1:25
wpa_driver_nl80211_set_key: ifindex=5 (wlan1) alg=0 addr=(nil) key_idx=0 set_tx=0 seq_len=0 key_len=0 key_flag=0x10
nl80211: DEL_KEY
   broadcast key
wpa_driver_nl80211_set_key: ifindex=5 (wlan1) alg=0 addr=(nil) key_idx=1 set_tx=0 seq_len=0 key_len=0 key_flag=0x10
nl80211: DEL_KEY
   broadcast key
wpa_driver_nl80211_set_key: ifindex=5 (wlan1) alg=0 addr=(nil) key_idx=2 set_tx=0 seq_len=0 key_len=0 key_flag=0x10
nl80211: DEL_KEY
   broadcast key
wpa_driver_nl80211_set_key: ifindex=5 (wlan1) alg=0 addr=(nil) key_idx=3 set_tx=0 seq_len=0 key_len=0 key_flag=0x10
nl80211: DEL_KEY
   broadcast key
wpa_driver_nl80211_set_key: ifindex=5 (wlan1) alg=0 addr=(nil) key_idx=4 set_tx=0 seq_len=0 key_len=0 key_flag=0x10
nl80211: DEL_KEY
   broadcast key
wpa_driver_nl80211_set_key: ifindex=5 (wlan1) alg=0 addr=(nil) key_idx=5 set_tx=0 seq_len=0 key_len=0 key_flag=0x10
nl80211: DEL_KEY
   broadcast key
wlan1: RSN: flushing PMKID list in the driver
nl80211: Flush PMKIDs
wlan1: Setting scan request: 0.100000 sec
EAPOL: SUPP_PAE entering state DISCONNECTED
EAPOL: Supplicant port status: Unauthorized
nl80211: Skip set_supp_port(unauthorized) while not associated
EAPOL: KEY_RX entering state NO_KEY_RECEIVE
EAPOL: SUPP_BE entering state INITIALIZE
EAP: EAP entering state DISABLED
wlan1: Added interface wlan1
wlan1: State: DISCONNECTED -> DISCONNECTED
nl80211: Set wlan1 operstate 0->0 (DORMANT)
netlink: Operstate: ifindex=5 linkmode=-1 (no change), operstate=5 (IF_OPER_DORMANT)
random: Got 16/20 bytes from /dev/random
RTM_NEWLINK: ifi_index=5 ifname=wlan1 operstate=2 linkmode=1 ifi_family=0 ifi_flags=0x1003 ([UP])
random: Got 4/4 bytes from /dev/random
wlan1: State: DISCONNECTED -> SCANNING
wlan1: Starting AP scan for wildcard SSID
wlan1: Add radio work 'scan'@0x3318e8
wlan1: First radio work item in the queue - schedule start immediately
wlan1: Starting radio work 'scan'@0x3318e8 after 0.000037 second wait
wlan1: nl80211: scan request
Scan requested (ret=0) - scan timeout 10 seconds
nl80211: Drv Event 33 (NL80211_CMD_TRIGGER_SCAN) received for wlan1
wlan1: nl80211: Scan trigger
wlan1: Event SCAN_STARTED (47) received
wlan1: Own scan request started a scan in 0.000103 seconds
EAPOL: disable timer tick
RTM_NEWLINK: ifi_index=5 ifname=wlan1 wext ifi_family=0 ifi_flags=0x1003 ([UP])
nl80211: Drv Event 34 (NL80211_CMD_NEW_SCAN_RESULTS) received for wlan1
wlan1: nl80211: New scan results available
nl80211: Scan probed for SSID ''
nl80211: Scan included frequencies: 2412 2417 2422 2427 2432 2437 2442 2447 2452 2457 2462 2467 2472
wlan1: Event SCAN_RESULTS (3) received
wlan1: Scan completed in 1.198486 seconds
nl80211: Received scan results (11 BSSes)
wlan1: BSS: Start scan result update 1
wlan1: BSS: Add new id 0 BSSID cc:32:e5:5a:65:53 SSID '' freq 2432
wlan1: BSS: Add new id 1 BSSID d2:32:e5:5a:65:53 SSID '12ThePines' freq 2432
wlan1: BSS: Add new id 2 BSSID dc:a6:32:2f:3b:08 SSID 'test' freq 2412
wlan1: BSS: Add new id 3 BSSID 60:ce:86:be:9f:77 SSID 'Pretty Fly for a Wi-Fi' freq 2472
wlan1: BSS: Add new id 4 BSSID cc:32:e5:5a:50:ae SSID '' freq 2432
wlan1: BSS: Add new id 5 BSSID d2:32:e5:5a:50:ae SSID '12ThePines' freq 2432
wlan1: BSS: Add new id 6 BSSID ec:be:dd:45:44:e1 SSID 'eir24676234' freq 2412
wlan1: BSS: Add new id 7 BSSID ee:be:dd:45:46:e2 SSID 'eir_WiFi' freq 2412
wlan1: BSS: Add new id 8 BSSID 3a:43:1d:94:23:91 SSID 'Horizon Wi-Free' freq 2412
wlan1: BSS: Add new id 9 BSSID 38:43:7d:94:23:91 SSID 'VM8458256' freq 2412
wlan1: BSS: Add new id 10 BSSID 60:ce:86:4e:73:6d SSID 'VODAFONE-736C' freq 2472
BSS: last_scan_res_used=11/32
wlan1: New scan results available (own=1 ext=0)
wlan1: Radio work 'scan'@0x3318e8 done in 1.199763 seconds
wlan1: radio_work_free('scan'@0x3318e8): num_active_works --> 0
wlan1: Selecting BSS from priority group 0
wlan1: 0: cc:32:e5:5a:65:53 ssid='' wpa_ie_len=0 rsn_ie_len=20 caps=0x1031 level=-16 freq=2432 
wlan1:    skip - SSID not known
wlan1: 1: d2:32:e5:5a:65:53 ssid='12ThePines' wpa_ie_len=26 rsn_ie_len=24 caps=0x1031 level=-16 freq=2432  wps
wlan1:    skip - SSID mismatch
wlan1: 2: dc:a6:32:2f:3b:08 ssid='test' wpa_ie_len=0 rsn_ie_len=24 caps=0x1511 level=-34 freq=2412 
wlan1:    selected based on RSN IE
wlan1:    selected BSS dc:a6:32:2f:3b:08 ssid='test'
wlan1: Considering connect request: reassociate: 0  selected: dc:a6:32:2f:3b:08  bssid: 00:00:00:00:00:00  pending: 00:00:00:00:00:00  wpa_state: SCANNING  ssid=0x32f560  current_ssid=(nil)
wlan1: Request association with dc:a6:32:2f:3b:08
wlan1: No ongoing scan/p2p-scan found to abort
wlan1: Add radio work 'sme-connect'@0x334150
wlan1: First radio work item in the queue - schedule start immediately
wlan1: RSN: added PMKSA cache candidate dc:a6:32:2f:3b:08 prio 1000
wlan1: RSN: processing PMKSA candidate list
wlan1: RSN: not in suitable state for new pre-authentication
wlan1: Starting radio work 'sme-connect'@0x334150 after 0.000078 second wait
wlan1: WPA: clearing own WPA/RSN IE
wlan1: RSN: clearing own RSNXE
wlan1: Automatic auth_alg selection: 0x1
RSN: PMKSA cache search - network_ctx=(nil) try_opportunistic=0 akmp=0x0
RSN: Search for BSSID dc:a6:32:2f:3b:08
RSN: No PMKSA cache entry found
wlan1: RSN: using IEEE 802.11i/D9.0
wlan1: WPA: Selected cipher suites: group 8 pairwise 24 key_mgmt 1 proto 2
wlan1: WPA: Selected mgmt group cipher 32
wlan1: WPA: clearing AP WPA IE
WPA: set AP RSN IE - hexdump(len=26): 30 18 01 00 00 0f ac 02 02 00 00 0f ac 04 00 0f ac 02 01 00 00 0f ac 01 0d 00
wlan1: WPA: clearing AP RSNXE
wlan1: WPA: AP group 0x8 network profile group 0x18; available group 0x8
wlan1: WPA: using GTK TKIP
wlan1: WPA: AP pairwise 0x18 network profile pairwise 0x18; available pairwise 0x18
wlan1: WPA: using PTK CCMP
wlan1: WPA: AP key_mgmt 0x1 network profile key_mgmt 0x1; available key_mgmt 0x1
wlan1: WPA: using KEY_MGMT 802.1X
wlan1: WPA: AP mgmt_group_cipher 0x20 network profile mgmt_group_cipher 0x0; available mgmt_group_cipher 0x0
wlan1: WPA: not using MGMT group cipher
WPA: Set own WPA IE default - hexdump(len=22): 30 14 01 00 00 0f ac 02 01 00 00 0f ac 04 01 00 00 0f ac 01 00 00
RSN: Set own RSNXE default - hexdump(len=0):
WPA: No current PMKSA - clear PMK
RRM: Determining whether RRM can be used - device support: 0x10
RRM: No RRM in network
Added supported operating classes IE - hexdump(len=6): 3b 04 51 51 53 54
EAPOL: External notification - EAP success=0
EAPOL: External notification - EAP fail=0
EAPOL: External notification - portControl=Auto
wlan1: Cancelling scan request
wlan1: SME: Trying to authenticate with dc:a6:32:2f:3b:08 (SSID='test' freq=2412 MHz)
EAPOL: External notification - portValid=0
wlan1: State: SCANNING -> AUTHENTICATING
nl80211: Authenticate (ifindex=5)
  * bssid=dc:a6:32:2f:3b:08
  * freq=2412
  * SSID=test
  * IEs - hexdump(len=0): [NULL]
  * Auth Type 0
nl80211: Authentication request send successfully
nl80211: Drv Event 19 (NL80211_CMD_NEW_STATION) received for wlan1
nl80211: New station dc:a6:32:2f:3b:08
nl80211: Drv Event 37 (NL80211_CMD_AUTHENTICATE) received for wlan1
nl80211: Authenticate event
wlan1: Event AUTH (10) received
wlan1: SME: Authentication response: peer=dc:a6:32:2f:3b:08 auth_type=0 auth_transaction=2 status_code=0
SME: Association Request IEs - hexdump(len=38): 30 14 01 00 00 0f ac 02 01 00 00 0f ac 04 01 00 00 0f ac 01 00 00 7f 08 00 00 00 00 00 00 00 40 3b 04 51 51 53 54
wlan1: Trying to associate with dc:a6:32:2f:3b:08 (SSID='test' freq=2412 MHz)
wlan1: State: AUTHENTICATING -> ASSOCIATING
nl80211: Set wlan1 operstate 0->0 (DORMANT)
netlink: Operstate: ifindex=5 linkmode=-1 (no change), operstate=5 (IF_OPER_DORMANT)
WPA: set own WPA/RSN IE - hexdump(len=22): 30 14 01 00 00 0f ac 02 01 00 00 0f ac 04 01 00 00 0f ac 01 00 00
wlan1: RSN: clearing own RSNXE
nl80211: Associate (ifindex=5)
  * bssid=dc:a6:32:2f:3b:08
  * freq=2412
  * SSID=test
  * IEs - hexdump(len=38): 30 14 01 00 00 0f ac 02 01 00 00 0f ac 04 01 00 00 0f ac 01 00 00 7f 08 00 00 00 00 00 00 00 40 3b 04 51 51 53 54
  * WPA Versions 0x2
  * pairwise=0xfac04
  * group=0xfac02
  * akm=0xfac01
nl80211: Association request send successfully
nl80211: Ignored event 19 (NL80211_CMD_NEW_STATION) for foreign interface (ifindex 3 wdev 0x0)
nl80211: Drv Event 38 (NL80211_CMD_ASSOCIATE) received for wlan1
nl80211: Associate event
nl80211: Associated on 2412 MHz
nl80211: Associated with dc:a6:32:2f:3b:08
nl80211: Set drv->ssid based on scan res info to 'test'
wlan1: Event ASSOC (0) received
wlan1: Association info event
req_ies - hexdump(len=97): 00 04 74 65 73 74 01 08 02 04 0b 16 0c 12 18 24 32 04 30 48 60 6c 30 14 01 00 00 0f ac 02 01 00 00 0f ac 04 01 00 00 0f ac 01 00 00 2d 1a 6e 18 1f ff ff 00 00 01 00 00 00 00 00 2c 01 01 00 00 00 00 00 00 00 00 00 00 7f 08 00 00 00 00 00 00 00 40 3b 04 51 51 53 54 dd 07 00 50 f2 02 00 01 00
resp_ies - hexdump(len=131): 01 08 82 84 8b 96 24 30 48 6c 32 04 0c 12 18 60 2d 1a 21 00 17 ff 00 00 00 00 00 00 00 00 00 00 00 00 00 00 00 00 00 00 00 00 00 00 3d 16 01 08 04 00 00 00 00 00 00 00 00 00 00 00 00 00 00 00 00 00 00 00 4a 0e 14 00 0a 00 2c 01 c8 00 14 00 05 00 19 00 7f 08 05 00 08 00 00 00 00 40 dd 09 00 10 18 02 00 00 1c 00 00 dd 18 00 50 f2 02 01 01 80 00 03 a4 00 00 27 a4 00 00 42 43 5e 00 62 32 2f 00
wlan1: freq=2412 MHz
WPA: set own WPA/RSN IE - hexdump(len=22): 30 14 01 00 00 0f ac 02 01 00 00 0f ac 04 01 00 00 0f ac 01 00 00
wlan1: RSN: clearing own RSNXE
wlan1: State: ASSOCIATING -> ASSOCIATED
nl80211: Set wlan1 operstate 0->0 (DORMANT)
netlink: Operstate: ifindex=5 linkmode=-1 (no change), operstate=5 (IF_OPER_DORMANT)
wlan1: Associated to a new BSS: BSSID=dc:a6:32:2f:3b:08
wlan1: Associated with dc:a6:32:2f:3b:08
wlan1: WPA: Association event - clear replay counter
wlan1: WPA: Clear old PTK
EAPOL: External notification - portEnabled=0
EAPOL: External notification - portValid=0
EAPOL: External notification - portEnabled=1
EAPOL: SUPP_PAE entering state CONNECTING
EAPOL: enable timer tick
EAPOL: SUPP_BE entering state IDLE
EAP: EAP entering state INITIALIZE
EAP: EAP entering state IDLE
wlan1: Setting authentication timeout: 10 sec 0 usec
wlan1: Cancelling scan request
WMM AC: AC mandatory: AC_BE=0 AC_BK=0 AC_VI=0 AC_VO=0
WMM AC: U-APSD queues=0x0
WMM AC: Valid WMM association, WMM AC is enabled
wlan1: CTRL-EVENT-SUBNET-STATUS-UPDATE status=0
RTM_NEWLINK: ifi_index=5 ifname=wlan1 wext ifi_family=0 ifi_flags=0x11003 ([UP][LOWER_UP])
RTM_NEWLINK: ifi_index=5 ifname=wlan1 wext ifi_family=0 ifi_flags=0x11003 ([UP][LOWER_UP])
RTM_NEWLINK: ifi_index=5 ifname=wlan1 wext ifi_family=0 ifi_flags=0x11003 ([UP][LOWER_UP])
RTM_NEWLINK: ifi_index=5 ifname=wlan1 operstate=5 linkmode=1 ifi_family=0 ifi_flags=0x11003 ([UP][LOWER_UP])
nl80211: Drv Event 46 (NL80211_CMD_CONNECT) received for wlan1
nl80211: Ignore connect event (cmd=46) when using userspace SME
l2_packet_receive: src=dc:a6:32:2f:3b:08 len=9
wlan1: RX EAPOL from dc:a6:32:2f:3b:08
wlan1: Setting authentication timeout: 70 sec 0 usec
EAPOL: Received EAP-Packet frame
EAPOL: SUPP_PAE entering state RESTART
EAP: EAP entering state INITIALIZE
EAP: EAP entering state IDLE
EAPOL: SUPP_PAE entering state AUTHENTICATING
EAPOL: SUPP_BE entering state REQUEST
EAPOL: getSuppRsp
EAP: EAP entering state RECEIVED
EAP: Received EAP-Request id=1 method=1 vendor=0 vendorMethod=0
EAP: EAP entering state IDENTITY
wlan1: CTRL-EVENT-EAP-STARTED EAP authentication started
EAP: Status notification: started (param=)
EAP: EAP-Request Identity data - hexdump_ascii(len=0):
EAP: using real identity - hexdump_ascii(len=17):
     6e 6f 6f 62 40 65 61 70 2d 6e 6f 6f 62 2e 6e 65   noob@eap-noob.ne
     74                                                t               
EAP: EAP entering state SEND_RESPONSE
EAP: EAP entering state IDLE
EAPOL: SUPP_BE entering state RESPONSE
EAPOL: txSuppRsp
TX EAPOL: dst=dc:a6:32:2f:3b:08
nl80211: Send over control port dest=dc:a6:32:2f:3b:08 proto=0x888e len=26 no_encrypt=1
nl80211: tx_control_port cookie=0x0
EAPOL: SUPP_BE entering state RECEIVE
nl80211: Drv Event 36 (NL80211_CMD_REG_CHANGE) received for wlan1
nl80211: Regulatory domain change
 * initiator=3
 * type=0
 * alpha2=IE
wlan1: Event CHANNEL_LIST_CHANGED (27) received
wlan1: CTRL-EVENT-REGDOM-CHANGE init=COUNTRY_IE type=COUNTRY alpha2=IE
wlan1: Updating hw mode
nl80211: Regulatory information - country=IE (DFS-ETSI)
nl80211: 2402-2482 @ 40 MHz 20 mBm
nl80211: 5170-5250 @ 80 MHz 20 mBm
nl80211: 5250-5330 @ 80 MHz 20 mBm (DFS)
nl80211: 5490-5710 @ 160 MHz 27 mBm (DFS)
nl80211: 57000-66000 @ 2160 MHz 40 mBm
nl80211: Added 802.11b mode based on 802.11g information
nl80211: Mode IEEE 802.11g: 2412 2417 2422 2427 2432 2437 2442 2447 2452 2457 2462 2467 2472 2484[DISABLED]
nl80211: Mode IEEE 802.11b: 2412 2417 2422 2427 2432 2437 2442 2447 2452 2457 2462 2467 2472 2484[DISABLED]
l2_packet_receive: src=dc:a6:32:2f:3b:08 len=19
wlan1: RX EAPOL from dc:a6:32:2f:3b:08
EAPOL: Received EAP-Packet frame
EAPOL: SUPP_BE entering state REQUEST
EAPOL: getSuppRsp
EAP: EAP entering state RECEIVED
EAP: Received EAP-Request id=2 method=56 vendor=0 vendorMethod=0
EAP: EAP entering state GET_METHOD
wlan1: CTRL-EVENT-EAP-PROPOSED-METHOD vendor=0 method=56
EAP: Status notification: accept proposed method (param=NOOB)
EAP: Initialize selected EAP method: vendor 0 method 56 (NOOB)
Entering eap_noob_init
EAP-NOOB: Entering eap_noob_db_statements
EAP-NOOB: Entering eap_noob_db_statements
EAP-NOOB: Entering eap_noob_exec_query, query - (SELECT * FROM EphemeralState WHERE Ssid=?;), Number of arguments (2)
exec_query string test, indx 1
EAP-NOOB: Done executing SELECT query that returned 0 rows, ret (101)

EAP-NOOB: Entering eap_noob_exec_query, query - (SELECT * FROM PersistentState WHERE Ssid=?;), Number of arguments (2)
exec_query string test, indx 1
EAP-NOOB: Done executing SELECT query that returned 0 rows, ret (101)

EAP-NOOB: SSID not present in any tables
EAP-NOOB: State = 0
EAP-NOOB:CONF Name = Version 7
EAP-NOOB: FILE  READ= 1
EAP-NOOB:CONF Name = Csuite 6
EAP-NOOB: FILE  READ= 1
EAP-NOOB:CONF Name = OobDirs 7
EAP-NOOB: FILE  READ= 1
EAP-NOOB:CONF Name = PeerMake 8
EAP-NOOB: FILE  READ= Acme
EAP-NOOB:CONF Name = PeerType 8
EAP-NOOB: FILE  READ= None
EAP-NOOB:CONF Name = PeerSNum 8
EAP-NOOB: FILE  READ= DU-9999
EAP-NOOB:CONF Name = OobRetries 10
EAP-NOOB: FILE READ = 5
EAP-NOOB:CONF Name = MinSleepDefault 15
EAP-NOOB: FILE  READ= 30
EAP-NOOB:CONF Name = OobMessageEncoding 18
EAP-NOOB: FILE  READ= 1
EAP-NOOB:CONF Name = NoobTimeout 11
EAP-NOOB:CONF Name = NoobInterval 12
EAP-NOOB:CONF Name = EnableWebSocket 15
EAP-NOOB: PEER INFO = {"Make":"Acme","Type":"None","Serial":"DU-9999","SSID":"test","BSSID":"dc:a6:32:2f:3b:8"}
wlan1: CTRL-EVENT-EAP-METHOD EAP vendor 0 method 56 (NOOB) selected
EAP: EAP entering state METHOD
EAP-NOOB: Entering eap_noob_process
EAP-NOOB: Received Request = {"Type":1}
EAP-NOOB: state = 0, message type = 1
EAP-NOOB: Entering eap_noob_decode_obj
EAP-NOOB: Entering eap_noob_verify_param_len
EAP-NOOB: ENTERING PROCESS TYPE 1
EAP-NOOB: ENTERING BUILD TYPE 1
EAP: method process -> ignore=FALSE methodState=CONT decision=FAIL eapRespData=0x354750
EAP-NOOB: State = 0, Key Available? 0
EAP: EAP entering state SEND_RESPONSE
EAP: EAP entering state IDLE
EAPOL: SUPP_BE entering state RESPONSE
EAPOL: txSuppRsp
TX EAPOL: dst=dc:a6:32:2f:3b:08
nl80211: Send over control port dest=dc:a6:32:2f:3b:08 proto=0x888e len=33 no_encrypt=1
nl80211: tx_control_port cookie=0x0
EAPOL: SUPP_BE entering state RECEIVE
l2_packet_receive: src=dc:a6:32:2f:3b:08 len=174
wlan1: RX EAPOL from dc:a6:32:2f:3b:08
EAPOL: Received EAP-Packet frame
EAPOL: SUPP_BE entering state REQUEST
EAPOL: getSuppRsp
EAP: EAP entering state RECEIVED
EAP: Received EAP-Request id=3 method=56 vendor=0 vendorMethod=0
EAP: EAP entering state METHOD
EAP-NOOB: Entering eap_noob_process
EAP-NOOB: Received Request = {"Type":2,"Vers":[1],"PeerId":"xuUyezBQmU9UywSvyyx0W3","Realm":"","Cryptosuites":[1],"Dirs":3,"ServerInfo":{"Name":"Example","Url":"https://127.0.0.1:8080/sendOOB"}}
EAP-NOOB: state = 0, message type = 2
EAP-NOOB: Entering eap_noob_decode_obj
EAP-NOOB: Version array value = 1
EAP-NOOB: Realm 
EAP-NOOB: Cryptosuites array value = 1
EAP-NOOB: Entering eap_noob_verify_param_len
EAP-NOOB: ENTERING PROCESS TYPE 2
EAP-NOOB: Realm eap-noob.net
EAP-NOOB: ENTERING BUILD TYPE 2
EAP: method process -> ignore=FALSE methodState=CONT decision=FAIL eapRespData=0x338730
EAP-NOOB: State = 0, Key Available? 0
EAP: EAP entering state SEND_RESPONSE
EAP: EAP entering state IDLE
EAPOL: SUPP_BE entering state RESPONSE
EAPOL: txSuppRsp
TX EAPOL: dst=dc:a6:32:2f:3b:08
nl80211: Send over control port dest=dc:a6:32:2f:3b:08 proto=0x888e len=189 no_encrypt=1
nl80211: tx_control_port cookie=0x0
EAPOL: SUPP_BE entering state RECEIVE
l2_packet_receive: src=dc:a6:32:2f:3b:08 len=203
wlan1: RX EAPOL from dc:a6:32:2f:3b:08
EAPOL: Received EAP-Packet frame
EAPOL: SUPP_BE entering state REQUEST
EAPOL: getSuppRsp
EAP: EAP entering state RECEIVED
EAP: Received EAP-Request id=4 method=56 vendor=0 vendorMethod=0
EAP: EAP entering state METHOD
EAP-NOOB: Entering eap_noob_process
EAP-NOOB: Received Request = {"Type":3,"PeerId":"xuUyezBQmU9UywSvyyx0W3","PKs":{"kty":"EC","crv":"X25519","x":"aHPuY8Pa29ykF6emgN6yuTq-Imu9N31EK0JrWz69dUc"},"Ns":"pbpZldEqtUfCakheXyesChX5jdAGUgSYWVazPgTr7H8","SleepTime":60}
EAP-NOOB: state = 0, message type = 3
EAP-NOOB: Entering eap_noob_decode_obj
EAP-NOOB: Entering eap_noob_decode_obj
X coordinate aHPuY8Pa29ykF6emgN6yuTq-Imu9N31EK0JrWz69dUc
EAP-NOOB: Entering eap_noob_verify_param_len
EAP-NOOB: Entering eap_noob_verify_param_len
EAP-NOOB: ENTERING PROCESS TYPE 3
EAP-NOOB: ENTERING BUILD TYPE 3
EAP-NOOB: Nonce 0WABQXYxDkz1nIrYXPXUMYWvaFoDXd8iSxswpUx7MTg
EAP-NOOB: entering eap_noob_get_key
EAP-NOOB: Using cryptosuite 1: X25519 with id 1034
-----BEGIN PRIVATE KEY-----
MC4CAQAwBQYDK2VuBCIEIHCTr8Mm/0IEjGW8qzAgqKty0mm1/yL01zLeNaCKLlFO
-----END PRIVATE KEY-----
-----BEGIN PUBLIC KEY-----
MCowBQYDK2VuAyEAZhBTCQrPZZquTOBXNZbKXVoEeQVH8hA3cFSvQr/ivTU=
-----END PUBLIC KEY-----
EAP-NOOB: JWK key is {"kty":"EC","crv":"X25519","x":"ZhBTCQrPZZquTOBXNZbKXVoEeQVH8hA3cFSvQr_ivTU"}
EAP-NOOB: Entering function eap_noob_derive_session_secret
EAP-NOOB: Secret Derived - hexdump_ascii(len=32):
     95 1f dc c4 5f f2 a9 98 3b b4 30 fb 2e 41 75 c5   ________;_0_.Au_
     5a 2d ae 27 0e 62 5e ec 69 7c 13 b3 17 5d 2d 24   Z-_'_b^_i|___]-$
EAP-NOOB: Entering eap_noob_db_update_initial_exchange_info
EAP-NOOB: MAC str [1,[1],1,"xuUyezBQmU9UywSvyyx0W3",[1],3,{"Name":"Example","Url":"https://127.0.0.1:8080/sendOOB"},1,1,"eap-noob.net",{"Make":"Acme","Type":"None","Serial":"DU-9999","SSID":"test","BSSID":"dc:a6:32:2f:3b:8"},0,{"kty":"EC","crv":"X25519","x":"aHPuY8Pa29ykF6emgN6yuTq-Imu9N31EK0JrWz69dUc"},"pbpZldEqtUfCakheXyesChX5jdAGUgSYWVazPgTr7H8",{"kty":"EC","crv":"X25519","x":"ZhBTCQrPZZquTOBXNZbKXVoEeQVH8hA3cFSvQr_ivTU"},"0WABQXYxDkz1nIrYXPXUMYWvaFoDXd8iSxswpUx7MTg",""]
EAP-NOOB: Entering eap_noob_exec_query, query - (INSERT INTO EphemeralState (Ssid, PeerId, Vers, Cryptosuites, Realm, Dirs, ServerInfo, Ns, Np, Z, MacInput, PeerState, JwkServer, JwkPeer, OobRetries) VALUES (?, ?, ?, ?, ?, ?, ?, ?, ?, ?, ?, ?, ?, ?, ?)), Number of arguments (33)
exec_query string test, indx 1
exec_query string xuUyezBQmU9UywSvyyx0W3, indx 2
exec_query string [1], indx 3
exec_query string [1], indx 4
exec_query string eap-noob.net, indx 5
exec_query int 3, indx 6
exec_query string {"Name":"Example","Url":"https://127.0.0.1:8080/sendOOB"}, indx 7
exec_query string [1,[1],1,"xuUyezBQmU9UywSvyyx0W3",[1],3,{"Name":"Example","Url":"https://127.0.0.1:8080/sendOOB"},1,1,"eap-noob.net",{"Make":"Acme","Type":"None","Serial":"DU-9999","SSID":"test","BSSID":"dc:a6:32:2f:3b:8"},0,{"kty":"EC","crv":"X25519","x":"aHPuY8Pa29ykF6emgN6yuTq-Imu9N31EK0JrWz69dUc"},"pbpZldEqtUfCakheXyesChX5jdAGUgSYWVazPgTr7H8",{"kty":"EC","crv":"X25519","x":"ZhBTCQrPZZquTOBXNZbKXVoEeQVH8hA3cFSvQr_ivTU"},"0WABQXYxDkz1nIrYXPXUMYWvaFoDXd8iSxswpUx7MTg",""], indx 11
exec_query int 1, indx 12
exec_query string {"kty":"EC","crv":"X25519","x":"aHPuY8Pa29ykF6emgN6yuTq-Imu9N31EK0JrWz69dUc"}, indx 13
exec_query string {"kty":"EC","crv":"X25519","x":"ZhBTCQrPZZquTOBXNZbKXVoEeQVH8hA3cFSvQr_ivTU"}, indx 14
exec_query int 0, indx 15
EAP-NOOB: Done executing the query, ret (101)

EAP-NOOB: Exiting eap_noob_db_update_initial_exchange_info
Writing configuration file '/home/pi/Projects/hostap/wpa_supplicant/./wpa_supplicant.conf.tmp'
Configuration file '/home/pi/Projects/hostap/wpa_supplicant/./wpa_supplicant.conf' written successfully
EAP-NOOB: Entering eap_noob_assign_waittime
EAP-NOOB: Wait time  = 60
Added BSSID dc:a6:32:2f:3b:08 into blacklist
EAP-NOOB: SSID test, time now : 2351  disabled untill = 2411
EAP: method process -> ignore=FALSE methodState=CONT decision=FAIL eapRespData=0x360c88
EAP-NOOB: State = 1, Key Available? 0
EAP: EAP entering state SEND_RESPONSE
EAP: EAP entering state IDLE
EAPOL: SUPP_BE entering state RESPONSE
EAPOL: txSuppRsp
TX EAPOL: dst=dc:a6:32:2f:3b:08
nl80211: Send over control port dest=dc:a6:32:2f:3b:08 proto=0x888e len=188 no_encrypt=1
nl80211: tx_control_port cookie=0x0
EAPOL: SUPP_BE entering state RECEIVE
l2_packet_receive: src=dc:a6:32:2f:3b:08 len=8
wlan1: RX EAPOL from dc:a6:32:2f:3b:08
EAPOL: Received EAP-Packet frame
EAPOL: SUPP_BE entering state REQUEST
EAPOL: getSuppRsp
EAP: EAP entering state RECEIVED
EAP: Received EAP-Failure
EAP: Status notification: completion (param=failure)
EAP: EAP entering state DISCARD
EAP: EAP entering state IDLE
EAPOL: SUPP_BE entering state RECEIVE
nl80211: Ignored event 20 (NL80211_CMD_DEL_STATION) for foreign interface (ifindex 3 wdev 0x0)
RTM_NEWLINK: ifi_index=5 ifname=wlan1 operstate=2 linkmode=1 ifi_family=0 ifi_flags=0x1003 ([UP])
nl80211: Drv Event 20 (NL80211_CMD_DEL_STATION) received for wlan1
nl80211: Delete station dc:a6:32:2f:3b:08
nl80211: Drv Event 39 (NL80211_CMD_DEAUTHENTICATE) received for wlan1
nl80211: Deauthenticate event
wlan1: Event DEAUTH (11) received
wlan1: Deauthentication notification
wlan1:  * reason 23 (IEEE_802_1X_AUTH_FAILED)
wlan1:  * address dc:a6:32:2f:3b:08
Deauthentication frame IE(s) - hexdump(len=0): [NULL]
wlan1: CTRL-EVENT-DISCONNECTED bssid=dc:a6:32:2f:3b:08 reason=23
wlan1: Auto connect enabled: try to reconnect (wps=0/0 wpa_state=6)
wlan1: Setting scan request: 0.100000 sec
wlan1: Radio work 'sme-connect'@0x334150 done in 1.241683 seconds
wlan1: radio_work_free('sme-connect'@0x334150): num_active_works --> 0
BSSID dc:a6:32:2f:3b:08 blacklist count incremented to 2
wlan1: Blacklist count 2 --> request scan in 500 ms
wlan1: Ignore new scan request for 0.500000 sec since an earlier request is scheduled to trigger sooner
wlan1: WPA: Clear old PMK and PTK
wlan1: Disconnect event - remove keys
wlan1: State: ASSOCIATED -> DISCONNECTED
nl80211: Set wlan1 operstate 0->0 (DORMANT)
netlink: Operstate: ifindex=5 linkmode=-1 (no change), operstate=5 (IF_OPER_DORMANT)
WMM AC: WMM AC is disabled
EAPOL: External notification - portEnabled=0
EAPOL: SUPP_PAE entering state DISCONNECTED
EAPOL: Supplicant port status: Unauthorized
nl80211: Skip set_supp_port(unauthorized) while not associated
EAPOL: SUPP_BE entering state INITIALIZE
EAP: EAP entering state DISABLED
EAPOL: External notification - portValid=0
RTM_NEWLINK: ifi_index=5 ifname=wlan1 wext ifi_family=0 ifi_flags=0x1003 ([UP])
nl80211: Drv Event 48 (NL80211_CMD_DISCONNECT) received for wlan1
nl80211: Ignore disconnect event when using userspace SME
wlan1: State: DISCONNECTED -> SCANNING
wlan1: Starting AP scan for wildcard SSID
wlan1: Add radio work 'scan'@0x361418
wlan1: First radio work item in the queue - schedule start immediately
wlan1: Starting radio work 'scan'@0x361418 after 0.000053 second wait
wlan1: nl80211: scan request
Scan requested (ret=0) - scan timeout 30 seconds
nl80211: Drv Event 33 (NL80211_CMD_TRIGGER_SCAN) received for wlan1
wlan1: nl80211: Scan trigger
wlan1: Event SCAN_STARTED (47) received
wlan1: Own scan request started a scan in 0.000137 seconds
EAPOL: startWhen --> 0
EAPOL: disable timer tick
nl80211: Drv Event 34 (NL80211_CMD_NEW_SCAN_RESULTS) received for wlan1
wlan1: nl80211: New scan results available
nl80211: Scan probed for SSID ''
nl80211: Scan included frequencies: 2412 2417 2422 2427 2432 2437 2442 2447 2452 2457 2462 2467 2472
wlan1: Event SCAN_RESULTS (3) received
wlan1: Scan completed in 1.166186 seconds
nl80211: Received scan results (11 BSSes)
wlan1: BSS: Start scan result update 2
BSS: last_scan_res_used=11/32
wlan1: New scan results available (own=1 ext=0)
wlan1: Radio work 'scan'@0x361418 done in 1.167625 seconds
wlan1: radio_work_free('scan'@0x361418): num_active_works --> 0
wlan1: Postpone network selection by 58 seconds since all networks are disabled
RTM_NEWLINK: ifi_index=5 ifname=wlan1 wext ifi_family=0 ifi_flags=0x1003 ([UP])
RTM_NEWLINK: ifi_index=3 ifname=wlan0 operstate=2 linkmode=0 ifi_family=0 ifi_flags=0x1003 ([UP])
nl80211: Ignored event 36 (NL80211_CMD_REG_CHANGE) for foreign interface (ifindex -1 wdev 0x0)
nl80211: Drv Event 36 (NL80211_CMD_REG_CHANGE) received for wlan1
nl80211: Regulatory domain change
 * initiator=1
 * type=0
 * alpha2=IE
wlan1: Event CHANNEL_LIST_CHANGED (27) received
wlan1: CTRL-EVENT-REGDOM-CHANGE init=USER type=COUNTRY alpha2=IE
wlan1: Updating hw mode
nl80211: Regulatory information - country=IE (DFS-ETSI)
nl80211: 2402-2482 @ 40 MHz 20 mBm
nl80211: 5170-5250 @ 80 MHz 20 mBm
nl80211: 5250-5330 @ 80 MHz 20 mBm (DFS)
nl80211: 5490-5710 @ 160 MHz 27 mBm (DFS)
nl80211: 57000-66000 @ 2160 MHz 40 mBm
nl80211: Added 802.11b mode based on 802.11g information
nl80211: Mode IEEE 802.11g: 2412 2417 2422 2427 2432 2437 2442 2447 2452 2457 2462 2467 2472 2484[DISABLED]
nl80211: Mode IEEE 802.11b: 2412 2417 2422 2427 2432 2437 2442 2447 2452 2457 2462 2467 2472 2484[DISABLED]
wlan1: Removing interface wlan1
nl80211: Getting wowlan status
nl80211: Getting wowlan status failed
wlan1: Request to deauthenticate - bssid=00:00:00:00:00:00 pending_bssid=00:00:00:00:00:00 reason=3 (DEAUTH_LEAVING) state=SCANNING
wlan1: State: SCANNING -> DISCONNECTED
nl80211: Set wlan1 operstate 0->0 (DORMANT)
netlink: Operstate: ifindex=5 linkmode=-1 (no change), operstate=5 (IF_OPER_DORMANT)
EAPOL: External notification - portEnabled=0
EAPOL: External notification - portValid=0
EAP: deinitialize previously used EAP method (56, NOOB) at EAP deinit
EAP-NOOB: OOB DEINIT
EAP-NOOB: Entering eap_noob_free_ctx
EAP_NOOB: Clearing server data
EAP_NOOB: Exit eap_noob_free_ctx
wlan1: WPA: Clear old PMK and PTK
Removed BSSID dc:a6:32:2f:3b:08 from blacklist (clear)
wlan1: BSS: Remove id 0 BSSID cc:32:e5:5a:65:53 SSID '' due to wpa_bss_flush
wlan1: BSS: Remove id 1 BSSID d2:32:e5:5a:65:53 SSID '12ThePines' due to wpa_bss_flush
wlan1: BSS: Remove id 2 BSSID dc:a6:32:2f:3b:08 SSID 'test' due to wpa_bss_flush
wlan1: BSS: Remove id 3 BSSID 60:ce:86:be:9f:77 SSID 'Pretty Fly for a Wi-Fi' due to wpa_bss_flush
wlan1: BSS: Remove id 5 BSSID d2:32:e5:5a:50:ae SSID '12ThePines' due to wpa_bss_flush
wlan1: BSS: Remove id 6 BSSID ec:be:dd:45:44:e1 SSID 'eir24676234' due to wpa_bss_flush
wlan1: BSS: Remove id 7 BSSID ee:be:dd:45:46:e2 SSID 'eir_WiFi' due to wpa_bss_flush
wlan1: BSS: Remove id 4 BSSID cc:32:e5:5a:50:ae SSID '' due to wpa_bss_flush
wlan1: BSS: Remove id 8 BSSID 3a:43:1d:94:23:91 SSID 'Horizon Wi-Free' due to wpa_bss_flush
wlan1: BSS: Remove id 9 BSSID 38:43:7d:94:23:91 SSID 'VM8458256' due to wpa_bss_flush
wlan1: BSS: Remove id 10 BSSID 60:ce:86:4e:73:6d SSID 'VODAFONE-736C' due to wpa_bss_flush
wlan1: Cancelling scan request
wlan1: Cancelling authentication timeout
Remove interface wlan1 from radio phy2
Remove radio phy2
nl80211: deinit ifname=wlan1 disabled_11b_rates=0
nl80211: Remove monitor interface: refcount=0
netlink: Operstate: ifindex=5 linkmode=0 (kernel-control), operstate=6 (IF_OPER_UP)
nl80211: Set mode ifindex 5 iftype 2 (STATION)
nl80211: Unsubscribe mgmt frames handle 0x88ba7079 (mode change)
wlan1: CTRL-EVENT-TERMINATING 
